生成启动时间为 2015/6/27 18:06:33。
     1>项目“E:\VS2013\Projects\LibraryManageSystem\LibraryManageSystem\LibraryManageSystem.vcxproj”在节点 2 上(Build 个目标)。
     1>ClCompile:
         D:\Program Files (x86)\Microsoft Visual Studio 12.0\VC\bin\CL.exe /c /ZI /nologo /W3 /WX- /sdl /Od /Oy- /D WIN32 /D _DEBUG /D _CONSOLE /D _LIB /D _UNICODE /D UNICODE /Gm /EHsc /RTC1 /MDd /GS /fp:precise /Zc:wchar_t /Zc:forScope /Fo"Debug\\" /Fd"Debug\vc120.pdb" /Gd /TP /analyze- /errorReport:prompt BookManagement.cpp FileSystem.cpp ReaderManagement.cpp main.cpp
         BookManagement.cpp
     1>e:\vs2013\projects\librarymanagesystem\librarymanagesystem\bookmanagement.cpp(69): warning C4018: “<=”: 有符号/无符号不匹配
     1>e:\vs2013\projects\librarymanagesystem\librarymanagesystem\bookmanagement.cpp(77): warning C4018: “<=”: 有符号/无符号不匹配
     1>e:\vs2013\projects\librarymanagesystem\librarymanagesystem\bookmanagement.cpp(85): warning C4018: “<=”: 有符号/无符号不匹配
         正在生成代码...
         正在编译...
         main.cpp
         ReaderManagement.cpp
     1>e:\vs2013\projects\librarymanagesystem\librarymanagesystem\readermanagement.cpp(56): warning C4018: “<=”: 有符号/无符号不匹配
         FileSystem.cpp
     1>e:\vs2013\projects\librarymanagesystem\librarymanagesystem\filesystem.cpp(106): warning C4018: “<”: 有符号/无符号不匹配
         正在生成代码...
     1>e:\vs2013\projects\librarymanagesystem\librarymanagesystem\filesystem.cpp(134): warning C4715: “LoadReaders”: 不是所有的控件路径都返回值
       Link:
         D:\Program Files (x86)\Microsoft Visual Studio 12.0\VC\bin\link.exe /ERRORREPORT:PROMPT /OUT:"E:\VS2013\Projects\LibraryManageSystem\Debug\LibraryManageSystem.exe" /INCREMENTAL /NOLOGO kernel32.lib user32.lib gdi32.lib winspool.lib comdlg32.lib advapi32.lib shell32.lib ole32.lib oleaut32.lib uuid.lib odbc32.lib odbccp32.lib /MANIFEST /MANIFESTUAC:"level='asInvoker' uiAccess='false'" /manifest:embed /DEBUG /PDB:"E:\VS2013\Projects\LibraryManageSystem\Debug\LibraryManageSystem.pdb" /SUBSYSTEM:CONSOLE /TLBID:1 /DYNAMICBASE /NXCOMPAT /IMPLIB:"E:\VS2013\Projects\LibraryManageSystem\Debug\LibraryManageSystem.lib" /MACHINE:X86 Debug\BookManagement.obj
         Debug\Dispose.obj
         Debug\FileSystem.obj
         Debug\Initialization.obj
         Debug\main.obj
         Debug\ReaderManagement.obj
         LibraryManageSystem.vcxproj -> E:\VS2013\Projects\LibraryManageSystem\Debug\LibraryManageSystem.exe
     1>已完成生成项目“E:\VS2013\Projects\LibraryManageSystem\LibraryManageSystem\LibraryManageSystem.vcxproj”(Build 个目标)的操作。

生成成功。

已用时间 00:00:04.09
